E:/approach_test/Application/test_aaa/files/123123/filename.txt
E:/approach_test/Application/test_aaa/files/123123/filename_1.txt
E:/approach_test/Application/test_aaa/files/123123/filename_2.txt
E:/approach_test/Application/test_aaa/files/abc.txt
E:/approach_test/Application/test_aaa/files/update/123123/filename.txt
E:/approach_test/Application/test_aaa/files/update/123123/filename_1.txt
E:/approach_test/Application/test_aaa/files/update/123123/filename_2.txt
E:/approach_test/Application/test_aaa/files/update/55555/54540/filename.txt
E:/approach_test/Application/test_aaa/files/update/55555/54540/filename_1.txt
E:/approach_test/Application/test_aaa/files/update/55555/54540/filename_2.txt
E:/approach_test/Application/test_aaa/files/update/55555/filename.txt
E:/approach_test/Application/test_aaa/files/update/55555/filename_1.txt
E:/approach_test/Application/test_aaa/files/update/55555/filename_2.txt
E:/approach_test/Application/test_aaa/files/update/filename.txt
E:/approach_test/Application/test_aaa/files/update/filename_1.txt
E:/approach_test/Application/test_aaa/files/update/filename_2.txt
E:/approach_test/Application/test_aaa/images/001.jpg
E:/approach_test/Application/test_aaa/images/404.png
E:/approach_test/Application/test_aaa/images/4041.png
E:/approach_test/Application/test_aaa/images/add.png
E:/approach_test/Application/test_aaa/images/btnbg.png
E:/approach_test/Application/test_aaa/images/btnbg1.png
E:/approach_test/Application/test_aaa/images/btnbg2.png
E:/approach_test/Application/test_aaa/images/buttonbg.png
E:/approach_test/Application/test_aaa/images/c01.png
E:/approach_test/Application/test_aaa/images/c02.png
E:/approach_test/Application/test_aaa/images/c03.png
E:/approach_test/Application/test_aaa/images/cbg.png
E:/approach_test/Application/test_aaa/images/clist.png
E:/approach_test/Application/test_aaa/images/close.png
E:/approach_test/Application/test_aaa/images/close1.png
E:/approach_test/Application/test_aaa/images/cloud.png
E:/approach_test/Application/test_aaa/images/d01.png
E:/approach_test/Application/test_aaa/images/d02.png
E:/approach_test/Application/test_aaa/images/d03.png
E:/approach_test/Application/test_aaa/images/d04.png
E:/approach_test/Application/test_aaa/images/d05.png
E:/approach_test/Application/test_aaa/images/d06.png
E:/approach_test/Application/test_aaa/images/d07.png
E:/approach_test/Application/test_aaa/images/diskbg.png
E:/approach_test/Application/test_aaa/images/dp.png
E:/approach_test/Application/test_aaa/images/f01.png
E:/approach_test/Application/test_aaa/images/f02.png
E:/approach_test/Application/test_aaa/images/f03.png
E:/approach_test/Application/test_aaa/images/f04.png
E:/approach_test/Application/test_aaa/images/f05.png
E:/approach_test/Application/test_aaa/images/f06.png
E:/approach_test/Application/test_aaa/images/help.png
E:/approach_test/Application/test_aaa/images/i01.png
E:/approach_test/Application/test_aaa/images/i02.png
E:/approach_test/Application/test_aaa/images/i03.png
E:/approach_test/Application/test_aaa/images/i04.png
E:/approach_test/Application/test_aaa/images/i05.png
E:/approach_test/Application/test_aaa/images/i06.png
E:/approach_test/Application/test_aaa/images/i07.png
E:/approach_test/Application/test_aaa/images/i08.png
E:/approach_test/Application/test_aaa/images/i09.png
E:/approach_test/Application/test_aaa/images/iadd.png
E:/approach_test/Application/test_aaa/images/ibtnbg.png
E:/approach_test/Application/test_aaa/images/ico01.png
E:/approach_test/Application/test_aaa/images/ico02.png
E:/approach_test/Application/test_aaa/images/ico03.png
E:/approach_test/Application/test_aaa/images/ico04.png
E:/approach_test/Application/test_aaa/images/ico05.png
E:/approach_test/Application/test_aaa/images/ico06.png
E:/approach_test/Application/test_aaa/images/icon01.png
E:/approach_test/Application/test_aaa/images/icon02.png
E:/approach_test/Application/test_aaa/images/icon03.png
E:/approach_test/Application/test_aaa/images/icon04.png
E:/approach_test/Application/test_aaa/images/icon05.png
E:/approach_test/Application/test_aaa/images/icon06.png
E:/approach_test/Application/test_aaa/images/icon_search.gif
E:/approach_test/Application/test_aaa/images/img01.png
E:/approach_test/Application/test_aaa/images/img02.png
E:/approach_test/Application/test_aaa/images/img03.png
E:/approach_test/Application/test_aaa/images/img04.png
E:/approach_test/Application/test_aaa/images/img05.png
E:/approach_test/Application/test_aaa/images/img06.png
E:/approach_test/Application/test_aaa/images/img07.png
E:/approach_test/Application/test_aaa/images/img08.png
E:/approach_test/Application/test_aaa/images/img09.png
E:/approach_test/Application/test_aaa/images/img10.png
E:/approach_test/Application/test_aaa/images/img11.png
E:/approach_test/Application/test_aaa/images/img12.png
E:/approach_test/Application/test_aaa/images/img13.png
E:/approach_test/Application/test_aaa/images/img14.png
E:/approach_test/Application/test_aaa/images/img15.png
E:/approach_test/Application/test_aaa/images/inputbg.gif
E:/approach_test/Application/test_aaa/images/itabbg.png
E:/approach_test/Application/test_aaa/images/itabbg1.png
E:/approach_test/Application/test_aaa/images/leftico.png
E:/approach_test/Application/test_aaa/images/leftico01.png
E:/approach_test/Application/test_aaa/images/leftico02.png
E:/approach_test/Application/test_aaa/images/leftico03.png
E:/approach_test/Application/test_aaa/images/leftico04.png
E:/approach_test/Application/test_aaa/images/leftline.gif
E:/approach_test/Application/test_aaa/images/leftmenubg.gif
E:/approach_test/Application/test_aaa/images/lefttop.gif
E:/approach_test/Application/test_aaa/images/libg.png
E:/approach_test/Application/test_aaa/images/light.png
E:/approach_test/Application/test_aaa/images/line.gif
E:/approach_test/Application/test_aaa/images/line1.png
E:/approach_test/Application/test_aaa/images/list.gif
E:/approach_test/Application/test_aaa/images/list1.gif
E:/approach_test/Application/test_aaa/images/list2.png
E:/approach_test/Application/test_aaa/images/loginbg1.png
E:/approach_test/Application/test_aaa/images/loginbg2.png
E:/approach_test/Application/test_aaa/images/loginbg3.png
E:/approach_test/Application/test_aaa/images/logininfo.png
E:/approach_test/Application/test_aaa/images/loginlogo.png
E:/approach_test/Application/test_aaa/images/loginpassword.png
E:/approach_test/Application/test_aaa/images/loginsj.png
E:/approach_test/Application/test_aaa/images/loginuser.png
E:/approach_test/Application/test_aaa/images/logo.png
E:/approach_test/Application/test_aaa/images/msg.png
E:/approach_test/Application/test_aaa/images/navbg.png
E:/approach_test/Application/test_aaa/images/next.gif
E:/approach_test/Application/test_aaa/images/pre.gif
E:/approach_test/Application/test_aaa/images/px.gif
E:/approach_test/Application/test_aaa/images/rar_01.png
E:/approach_test/Application/test_aaa/images/righttop.gif
E:/approach_test/Application/test_aaa/images/rlist.gif
E:/approach_test/Application/test_aaa/images/search.png
E:/approach_test/Application/test_aaa/images/sj.png
E:/approach_test/Application/test_aaa/images/sun.png
E:/approach_test/Application/test_aaa/images/t01.png
E:/approach_test/Application/test_aaa/images/t02.png
E:/approach_test/Application/test_aaa/images/t03.png
E:/approach_test/Application/test_aaa/images/t04.png
E:/approach_test/Application/test_aaa/images/t05.png
E:/approach_test/Application/test_aaa/images/tbg.png
E:/approach_test/Application/test_aaa/images/tcbg.gif
E:/approach_test/Application/test_aaa/images/th.gif
E:/approach_test/Application/test_aaa/images/ticon.png
E:/approach_test/Application/test_aaa/images/time.png
E:/approach_test/Application/test_aaa/images/toolbg.gif
E:/approach_test/Application/test_aaa/images/topbg.gif
E:/approach_test/Application/test_aaa/images/topleft.jpg
E:/approach_test/Application/test_aaa/images/topright.jpg
E:/approach_test/Application/test_aaa/images/ub1.png
E:/approach_test/Application/test_aaa/images/uew_icon.png
E:/approach_test/Application/test_aaa/images/uew_icon_hover.png
E:/approach_test/Application/test_aaa/images/ulist.png
E:/approach_test/Application/test_aaa/images/user.png
E:/approach_test/Application/test_aaa/images/userbg.png
E:/approach_test/version.txt
