E:/approach_test/web_service/client.php
E:/approach_test/web_service/client_crb.php
E:/approach_test/web_service/client_dept.php
E:/approach_test/web_service/client_HISmessage.php
E:/approach_test/web_service/client_ops.php
E:/approach_test/web_service/client_ops_kss.php
E:/approach_test/web_service/client_rm.php
E:/approach_test/web_service/client_test.php
E:/approach_test/web_service/conn.php
E:/approach_test/web_service/json_data.sql
E:/approach_test/web_service/nusoap/lib/changelog
E:/approach_test/web_service/nusoap/lib/class.nusoap_base.php
E:/approach_test/web_service/nusoap/lib/class.soapclient.php
E:/approach_test/web_service/nusoap/lib/class.soap_fault.php
E:/approach_test/web_service/nusoap/lib/class.soap_parser.php
E:/approach_test/web_service/nusoap/lib/class.soap_server.php
E:/approach_test/web_service/nusoap/lib/class.soap_transport_http.php
E:/approach_test/web_service/nusoap/lib/class.soap_val.php
E:/approach_test/web_service/nusoap/lib/class.wsdl.php
E:/approach_test/web_service/nusoap/lib/class.wsdlcache.php
E:/approach_test/web_service/nusoap/lib/class.xmlschema.php
E:/approach_test/web_service/nusoap/lib/nusoap.php
E:/approach_test/web_service/nusoap/lib/nusoapmime.php
E:/approach_test/web_service/nusoap/samples/client1.php
E:/approach_test/web_service/nusoap/samples/client2.php
E:/approach_test/web_service/nusoap/samples/client3.php
E:/approach_test/web_service/nusoap/samples/getfile1client.php
E:/approach_test/web_service/nusoap/samples/getfile2client.php
E:/approach_test/web_service/nusoap/samples/index.html
E:/approach_test/web_service/nusoap/samples/mimeclient.php
E:/approach_test/web_service/nusoap/samples/sslclient.php
E:/approach_test/web_service/nusoap/samples/wsdlclient1.php
E:/approach_test/web_service/nusoap/samples/wsdlclient10.php
E:/approach_test/web_service/nusoap/samples/wsdlclient11.php
E:/approach_test/web_service/nusoap/samples/wsdlclient12.php
E:/approach_test/web_service/nusoap/samples/wsdlclient13.php
E:/approach_test/web_service/nusoap/samples/wsdlclient14.php
E:/approach_test/web_service/nusoap/samples/wsdlclient15.php
E:/approach_test/web_service/nusoap/samples/wsdlclient2.php
E:/approach_test/web_service/nusoap/samples/wsdlclient3.php
E:/approach_test/web_service/nusoap/samples/wsdlclient3b.php
E:/approach_test/web_service/nusoap/samples/wsdlclient3c.php
E:/approach_test/web_service/nusoap/samples/wsdlclient4.php
E:/approach_test/web_service/nusoap/samples/wsdlclient5.php
E:/approach_test/web_service/nusoap/samples/wsdlclient6.php
E:/approach_test/web_service/nusoap/samples/wsdlclient7.php
E:/approach_test/web_service/nusoap/samples/wsdlclient8.php
E:/approach_test/web_service/nusoap/samples/wsdlclient9.php
E:/approach_test/web_service/test.ktr
E:/approach_test/web_service/web_post.php
E:/approach_test/web_service/web_post1.php
E:/approach_test/web_service/web_service.php
E:/approach_test/web_service/web_service1.php
E:/approach_test/web_service/web_service_dx.php
E:/approach_test/web_service/web_service_dx1.php
E:/approach_test/web_service/web_service_dx2.php
E:/approach_test/web_service/web_service_hyiene.php
